e:\cheat-engine-sc\cheat-engine\dbkkernel\x64\releasewithoutsig\vc142.pdb
e:\cheat-engine-sc\cheat-engine\dbkkernel\x64\releasewithoutsig\vmxoffload.obj
e:\cheat-engine-sc\cheat-engine\dbkkernel\x64\releasewithoutsig\vmxhelper.obj
e:\cheat-engine-sc\cheat-engine\dbkkernel\x64\releasewithoutsig\apic.obj
e:\cheat-engine-sc\cheat-engine\dbkkernel\x64\releasewithoutsig\ultimap2.obj
e:\cheat-engine-sc\cheat-engine\dbkkernel\x64\releasewithoutsig\ultimap.obj
e:\cheat-engine-sc\cheat-engine\dbkkernel\x64\releasewithoutsig\threads.obj
e:\cheat-engine-sc\cheat-engine\dbkkernel\x64\releasewithoutsig\processlist.obj
e:\cheat-engine-sc\cheat-engine\dbkkernel\x64\releasewithoutsig\noexceptions.obj
e:\cheat-engine-sc\cheat-engine\dbkkernel\x64\releasewithoutsig\memscan.obj
e:\cheat-engine-sc\cheat-engine\dbkkernel\x64\releasewithoutsig\iopldispatcher.obj
e:\cheat-engine-sc\cheat-engine\dbkkernel\x64\releasewithoutsig\interrupthook.obj
e:\cheat-engine-sc\cheat-engine\dbkkernel\x64\releasewithoutsig\deepkernel.obj
e:\cheat-engine-sc\cheat-engine\dbkkernel\x64\releasewithoutsig\debugger.obj
e:\cheat-engine-sc\cheat-engine\dbkkernel\x64\releasewithoutsig\dbkfunc.obj
e:\cheat-engine-sc\cheat-engine\dbkkernel\x64\releasewithoutsig\dbkdrvr.obj
e:\cheat-engine-sc\cheat-engine\dbkkernel\x64\releasewithoutsig\dbkfunca.obj
e:\cheat-engine-sc\cheat-engine\dbkkernel\x64\releasewithoutsig\debuggera.obj
e:\cheat-engine-sc\cheat-engine\dbkkernel\x64\releasewithoutsig\noexceptionsa.obj
e:\cheat-engine-sc\cheat-engine\dbkkernel\x64\releasewithoutsig\ultimapa.obj
e:\cheat-engine-sc\cheat-engine\dbkkernel\x64\releasewithoutsig\vmxhelpera.obj
e:\cheat-engine-sc\cheat-engine\dbkkernel\x64\releasewithoutsig\vmxoffloada.obj
e:\cheat-engine-sc\cheat-engine\dbkkernel\x64\releasewithoutsig\dbk64.inf
e:\cheat-engine-sc\cheat-engine\cheat engine\bin\xer64.sys
e:\cheat-engine-sc\cheat-engine\dbkkernel\x64\releasewithoutsig\dbkkernel.tlog\cl.command.1.tlog
e:\cheat-engine-sc\cheat-engine\dbkkernel\x64\releasewithoutsig\dbkkernel.tlog\cl.read.1.tlog
e:\cheat-engine-sc\cheat-engine\dbkkernel\x64\releasewithoutsig\dbkkernel.tlog\cl.write.1.tlog
e:\cheat-engine-sc\cheat-engine\dbkkernel\x64\releasewithoutsig\dbkkernel.tlog\link.command.1.tlog
e:\cheat-engine-sc\cheat-engine\dbkkernel\x64\releasewithoutsig\dbkkernel.tlog\link.read.1.tlog
e:\cheat-engine-sc\cheat-engine\dbkkernel\x64\releasewithoutsig\dbkkernel.tlog\masm.read.1u.tlog
e:\cheat-engine-sc\cheat-engine\dbkkernel\x64\releasewithoutsig\dbkkernel.tlog\masm.write.1u.tlog
e:\cheat-engine-sc\cheat-engine\dbkkernel\x64\releasewithoutsig\dbkkernel.tlog\stampinf.command.1.tlog
e:\cheat-engine-sc\cheat-engine\dbkkernel\x64\releasewithoutsig\dbkkernel.tlog\stampinf.read.1.tlog
e:\cheat-engine-sc\cheat-engine\dbkkernel\x64\releasewithoutsig\dbkkernel.tlog\stampinf.write.1.tlog
